<?xml version="1.0" encoding="UTF-8"?>
<testsuite xmlns:xsi="http://www.w3.org/2001/XMLSchema-instance" xsi:noNamespaceSchemaLocation="https://maven.apache.org/surefire/maven-surefire-plugin/xsd/surefire-test-report-3.0.xsd" version="3.0" name="TestSuite" time="6.32" tests="3" errors="0" skipped="0" failures="1">
  <properties>
    <property name="java.specification.version" value="19"/>
    <property name="webdriver.chrome.driver" value="C:\Users\sdsta\.cache\selenium\chromedriver\win32\107.0.5304.62\chromedriver.exe"/>
    <property name="sun.cpu.isalist" value="amd64"/>
    <property name="sun.jnu.encoding" value="Cp1252"/>
    <property name="java.class.path" value="C:\Users\sdsta\Project1\target\test-classes;C:\Users\sdsta\Project1\target\classes;C:\Users\sdsta\.m2\repository\org\seleniumhq\selenium\selenium-java\4.5.0\selenium-java-4.5.0.jar;C:\Users\sdsta\.m2\repository\org\seleniumhq\selenium\selenium-api\4.5.0\selenium-api-4.5.0.jar;C:\Users\sdsta\.m2\repository\org\seleniumhq\selenium\selenium-chrome-driver\4.5.0\selenium-chrome-driver-4.5.0.jar;C:\Users\sdsta\.m2\repository\com\google\auto\service\auto-service-annotations\1.0.1\auto-service-annotations-1.0.1.jar;C:\Users\sdsta\.m2\repository\com\google\auto\service\auto-service\1.0.1\auto-service-1.0.1.jar;C:\Users\sdsta\.m2\repository\com\google\auto\auto-common\1.2\auto-common-1.2.jar;C:\Users\sdsta\.m2\repository\com\google\guava\guava\31.1-jre\guava-31.1-jre.jar;C:\Users\sdsta\.m2\repository\com\google\guava\failureaccess\1.0.1\failureaccess-1.0.1.jar;C:\Users\sdsta\.m2\repository\com\google\guava\listenablefuture\9999.0-empty-to-avoid-conflict-with-guava\listenablefuture-9999.0-empty-to-avoid-conflict-with-guava.jar;C:\Users\sdsta\.m2\repository\org\checkerframework\checker-qual\3.12.0\checker-qual-3.12.0.jar;C:\Users\sdsta\.m2\repository\com\google\errorprone\error_prone_annotations\2.11.0\error_prone_annotations-2.11.0.jar;C:\Users\sdsta\.m2\repository\com\google\j2objc\j2objc-annotations\1.3\j2objc-annotations-1.3.jar;C:\Users\sdsta\.m2\repository\org\seleniumhq\selenium\selenium-chromium-driver\4.5.0\selenium-chromium-driver-4.5.0.jar;C:\Users\sdsta\.m2\repository\org\seleniumhq\selenium\selenium-json\4.5.0\selenium-json-4.5.0.jar;C:\Users\sdsta\.m2\repository\org\seleniumhq\selenium\selenium-devtools-v104\4.5.0\selenium-devtools-v104-4.5.0.jar;C:\Users\sdsta\.m2\repository\org\seleniumhq\selenium\selenium-devtools-v105\4.5.0\selenium-devtools-v105-4.5.0.jar;C:\Users\sdsta\.m2\repository\org\seleniumhq\selenium\selenium-devtools-v106\4.5.0\selenium-devtools-v106-4.5.0.jar;C:\Users\sdsta\.m2\repository\org\seleniumhq\selenium\selenium-devtools-v85\4.5.0\selenium-devtools-v85-4.5.0.jar;C:\Users\sdsta\.m2\repository\org\seleniumhq\selenium\selenium-edge-driver\4.5.0\selenium-edge-driver-4.5.0.jar;C:\Users\sdsta\.m2\repository\org\seleniumhq\selenium\selenium-firefox-driver\4.5.0\selenium-firefox-driver-4.5.0.jar;C:\Users\sdsta\.m2\repository\org\seleniumhq\selenium\selenium-ie-driver\4.5.0\selenium-ie-driver-4.5.0.jar;C:\Users\sdsta\.m2\repository\org\seleniumhq\selenium\selenium-remote-driver\4.5.0\selenium-remote-driver-4.5.0.jar;C:\Users\sdsta\.m2\repository\io\netty\netty-buffer\4.1.79.Final\netty-buffer-4.1.79.Final.jar;C:\Users\sdsta\.m2\repository\io\netty\netty-codec-http\4.1.79.Final\netty-codec-http-4.1.79.Final.jar;C:\Users\sdsta\.m2\repository\io\netty\netty-codec\4.1.79.Final\netty-codec-4.1.79.Final.jar;C:\Users\sdsta\.m2\repository\io\netty\netty-handler\4.1.79.Final\netty-handler-4.1.79.Final.jar;C:\Users\sdsta\.m2\repository\io\netty\netty-common\4.1.79.Final\netty-common-4.1.79.Final.jar;C:\Users\sdsta\.m2\repository\io\netty\netty-transport-classes-epoll\4.1.79.Final\netty-transport-classes-epoll-4.1.79.Final.jar;C:\Users\sdsta\.m2\repository\io\netty\netty-transport-classes-kqueue\4.1.79.Final\netty-transport-classes-kqueue-4.1.79.Final.jar;C:\Users\sdsta\.m2\repository\io\netty\netty-transport-native-epoll\4.1.79.Final\netty-transport-native-epoll-4.1.79.Final.jar;C:\Users\sdsta\.m2\repository\io\netty\netty-transport-native-kqueue\4.1.79.Final\netty-transport-native-kqueue-4.1.79.Final.jar;C:\Users\sdsta\.m2\repository\io\netty\netty-transport-native-unix-common\4.1.79.Final\netty-transport-native-unix-common-4.1.79.Final.jar;C:\Users\sdsta\.m2\repository\io\netty\netty-transport\4.1.79.Final\netty-transport-4.1.79.Final.jar;C:\Users\sdsta\.m2\repository\io\netty\netty-resolver\4.1.79.Final\netty-resolver-4.1.79.Final.jar;C:\Users\sdsta\.m2\repository\io\opentelemetry\opentelemetry-api\1.17.0\opentelemetry-api-1.17.0.jar;C:\Users\sdsta\.m2\repository\io\opentelemetry\opentelemetry-context\1.17.0\opentelemetry-context-1.17.0.jar;C:\Users\sdsta\.m2\repository\io\opentelemetry\opentelemetry-exporter-logging\1.17.0\opentelemetry-exporter-logging-1.17.0.jar;C:\Users\sdsta\.m2\repository\io\opentelemetry\opentelemetry-sdk-metrics\1.17.0\opentelemetry-sdk-metrics-1.17.0.jar;C:\Users\sdsta\.m2\repository\io\opentelemetry\opentelemetry-sdk-logs\1.17.0-alpha\opentelemetry-sdk-logs-1.17.0-alpha.jar;C:\Users\sdsta\.m2\repository\io\opentelemetry\opentelemetry-sdk-common\1.17.0\opentelemetry-sdk-common-1.17.0.jar;C:\Users\sdsta\.m2\repository\io\opentelemetry\opentelemetry-sdk-extension-autoconfigure-spi\1.17.0\opentelemetry-sdk-extension-autoconfigure-spi-1.17.0.jar;C:\Users\sdsta\.m2\repository\io\opentelemetry\opentelemetry-sdk-extension-autoconfigure\1.17.0-alpha\opentelemetry-sdk-extension-autoconfigure-1.17.0-alpha.jar;C:\Users\sdsta\.m2\repository\io\opentelemetry\opentelemetry-exporter-common\1.17.0\opentelemetry-exporter-common-1.17.0.jar;C:\Users\sdsta\.m2\repository\io\opentelemetry\opentelemetry-sdk-trace\1.17.0\opentelemetry-sdk-trace-1.17.0.jar;C:\Users\sdsta\.m2\repository\io\opentelemetry\opentelemetry-sdk\1.17.0\opentelemetry-sdk-1.17.0.jar;C:\Users\sdsta\.m2\repository\io\opentelemetry\opentelemetry-semconv\1.17.0-alpha\opentelemetry-semconv-1.17.0-alpha.jar;C:\Users\sdsta\.m2\repository\io\ous\jtoml\2.0.0\jtoml-2.0.0.jar;C:\Users\sdsta\.m2\repository\net\bytebuddy\byte-buddy\1.12.14\byte-buddy-1.12.14.jar;C:\Users\sdsta\.m2\repository\org\apache\commons\commons-exec\1.3\commons-exec-1.3.jar;C:\Users\sdsta\.m2\repository\org\asynchttpclient\async-http-client\2.12.3\async-http-client-2.12.3.jar;C:\Users\sdsta\.m2\repository\org\asynchttpclient\async-http-client-netty-utils\2.12.3\async-http-client-netty-utils-2.12.3.jar;C:\Users\sdsta\.m2\repository\io\netty\netty-codec-socks\4.1.60.Final\netty-codec-socks-4.1.60.Final.jar;C:\Users\sdsta\.m2\repository\io\netty\netty-handler-proxy\4.1.60.Final\netty-handler-proxy-4.1.60.Final.jar;C:\Users\sdsta\.m2\repository\io\netty\netty-transport-native-epoll\4.1.60.Final\netty-transport-native-epoll-4.1.60.Final-linux-x86_64.jar;C:\Users\sdsta\.m2\repository\io\netty\netty-transport-native-kqueue\4.1.60.Final\netty-transport-native-kqueue-4.1.60.Final-osx-x86_64.jar;C:\Users\sdsta\.m2\repository\org\reactivestreams\reactive-streams\1.0.3\reactive-streams-1.0.3.jar;C:\Users\sdsta\.m2\repository\com\typesafe\netty\netty-reactive-streams\2.0.4\netty-reactive-streams-2.0.4.jar;C:\Users\sdsta\.m2\repository\com\sun\activation\jakarta.activation\1.2.2\jakarta.activation-1.2.2.jar;C:\Users\sdsta\.m2\repository\org\seleniumhq\selenium\selenium-http\4.5.0\selenium-http-4.5.0.jar;C:\Users\sdsta\.m2\repository\dev\failsafe\failsafe\3.2.4\failsafe-3.2.4.jar;C:\Users\sdsta\.m2\repository\org\seleniumhq\selenium\selenium-safari-driver\4.5.0\selenium-safari-driver-4.5.0.jar;C:\Users\sdsta\.m2\repository\org\seleniumhq\selenium\selenium-support\4.5.0\selenium-support-4.5.0.jar;C:\Users\sdsta\.m2\repository\io\github\bonigarcia\webdrivermanager\5.3.0\webdrivermanager-5.3.0.jar;C:\Users\sdsta\.m2\repository\org\slf4j\slf4j-api\1.7.36\slf4j-api-1.7.36.jar;C:\Users\sdsta\.m2\repository\com\google\code\gson\gson\2.9.1\gson-2.9.1.jar;C:\Users\sdsta\.m2\repository\com\github\docker-java\docker-java\3.2.13\docker-java-3.2.13.jar;C:\Users\sdsta\.m2\repository\com\github\docker-java\docker-java-core\3.2.13\docker-java-core-3.2.13.jar;C:\Users\sdsta\.m2\repository\com\github\docker-java\docker-java-api\3.2.13\docker-java-api-3.2.13.jar;C:\Users\sdsta\.m2\repository\com\fasterxml\jackson\core\jackson-annotations\2.10.3\jackson-annotations-2.10.3.jar;C:\Users\sdsta\.m2\repository\commons-io\commons-io\2.6\commons-io-2.6.jar;C:\Users\sdsta\.m2\repository\org\apache\commons\commons-compress\1.21\commons-compress-1.21.jar;C:\Users\sdsta\.m2\repository\com\fasterxml\jackson\core\jackson-databind\2.10.3\jackson-databind-2.10.3.jar;C:\Users\sdsta\.m2\repository\com\fasterxml\jackson\core\jackson-core\2.10.3\jackson-core-2.10.3.jar;C:\Users\sdsta\.m2\repository\org\bouncycastle\bcpkix-jdk15on\1.64\bcpkix-jdk15on-1.64.jar;C:\Users\sdsta\.m2\repository\org\bouncycastle\bcprov-jdk15on\1.64\bcprov-jdk15on-1.64.jar;C:\Users\sdsta\.m2\repository\org\slf4j\jcl-over-slf4j\1.7.30\jcl-over-slf4j-1.7.30.jar;C:\Users\sdsta\.m2\repository\com\github\docker-java\docker-java-transport-httpclient5\3.2.13\docker-java-transport-httpclient5-3.2.13.jar;C:\Users\sdsta\.m2\repository\com\github\docker-java\docker-java-transport\3.2.13\docker-java-transport-3.2.13.jar;C:\Users\sdsta\.m2\repository\net\java\dev\jna\jna\5.8.0\jna-5.8.0.jar;C:\Users\sdsta\.m2\repository\org\brotli\dec\0.1.2\dec-0.1.2.jar;C:\Users\sdsta\.m2\repository\org\apache\commons\commons-lang3\3.12.0\commons-lang3-3.12.0.jar;C:\Users\sdsta\.m2\repository\org\apache\httpcomponents\client5\httpclient5\5.1.3\httpclient5-5.1.3.jar;C:\Users\sdsta\.m2\repository\org\apache\httpcomponents\core5\httpcore5\5.1.3\httpcore5-5.1.3.jar;C:\Users\sdsta\.m2\repository\org\apache\httpcomponents\core5\httpcore5-h2\5.1.3\httpcore5-h2-5.1.3.jar;C:\Users\sdsta\.m2\repository\commons-codec\commons-codec\1.15\commons-codec-1.15.jar;C:\Users\sdsta\.m2\repository\io\cucumber\cucumber-java\7.8.1\cucumber-java-7.8.1.jar;C:\Users\sdsta\.m2\repository\io\cucumber\cucumber-core\7.8.1\cucumber-core-7.8.1.jar;C:\Users\sdsta\.m2\repository\io\cucumber\cucumber-gherkin\7.8.1\cucumber-gherkin-7.8.1.jar;C:\Users\sdsta\.m2\repository\io\cucumber\cucumber-gherkin-messages\7.8.1\cucumber-gherkin-messages-7.8.1.jar;C:\Users\sdsta\.m2\repository\io\cucumber\gherkin\24.0.0\gherkin-24.0.0.jar;C:\Users\sdsta\.m2\repository\io\cucumber\messages\19.1.4\messages-19.1.4.jar;C:\Users\sdsta\.m2\repository\io\cucumber\tag-expressions\4.1.0\tag-expressions-4.1.0.jar;C:\Users\sdsta\.m2\repository\io\cucumber\cucumber-expressions\16.0.0\cucumber-expressions-16.0.0.jar;C:\Users\sdsta\.m2\repository\io\cucumber\datatable\7.8.1\datatable-7.8.1.jar;C:\Users\sdsta\.m2\repository\io\cucumber\cucumber-plugin\7.8.1\cucumber-plugin-7.8.1.jar;C:\Users\sdsta\.m2\repository\io\cucumber\docstring\7.8.1\docstring-7.8.1.jar;C:\Users\sdsta\.m2\repository\io\cucumber\html-formatter\20.1.0\html-formatter-20.1.0.jar;C:\Users\sdsta\.m2\repository\io\cucumber\ci-environment\9.1.0\ci-environment-9.1.0.jar;C:\Users\sdsta\.m2\repository\org\apiguardian\apiguardian-api\1.1.2\apiguardian-api-1.1.2.jar;C:\Users\sdsta\.m2\repository\org\testng\testng\7.6.1\testng-7.6.1.jar;C:\Users\sdsta\.m2\repository\com\google\code\findbugs\jsr305\3.0.2\jsr305-3.0.2.jar;C:\Users\sdsta\.m2\repository\com\beust\jcommander\1.82\jcommander-1.82.jar;C:\Users\sdsta\.m2\repository\org\webjars\jquery\3.6.0\jquery-3.6.0.jar;C:\Users\sdsta\.m2\repository\io\cucumber\cucumber-testng\7.8.1\cucumber-testng-7.8.1.jar;"/>
    <property name="java.vm.vendor" value="Oracle Corporation"/>
    <property name="sun.arch.data.model" value="64"/>
    <property name="user.variant" value=""/>
    <property name="java.vendor.url" value="https://java.oracle.com/"/>
    <property name="user.timezone" value="America/Los_Angeles"/>
    <property name="os.name" value="Windows 11"/>
    <property name="java.vm.specification.version" value="19"/>
    <property name="sun.java.launcher" value="SUN_STANDARD"/>
    <property name="user.country" value="US"/>
    <property name="sun.boot.library.path" value="C:\Program Files\Java\jdk-19\bin"/>
    <property name="sun.java.command" value="C:\Users\sdsta\AppData\Local\Temp\surefire2725721005298437606\surefirebooter-20221101133658500_3.jar C:\Users\sdsta\AppData\Local\Temp\surefire2725721005298437606 2022-11-01T13-36-58_225-jvmRun1 surefire-20221101133658500_1tmp surefire_0-20221101133658500_2tmp"/>
    <property name="jdk.debug" value="release"/>
    <property name="surefire.test.class.path" value="C:\Users\sdsta\Project1\target\test-classes;C:\Users\sdsta\Project1\target\classes;C:\Users\sdsta\.m2\repository\org\seleniumhq\selenium\selenium-java\4.5.0\selenium-java-4.5.0.jar;C:\Users\sdsta\.m2\repository\org\seleniumhq\selenium\selenium-api\4.5.0\selenium-api-4.5.0.jar;C:\Users\sdsta\.m2\repository\org\seleniumhq\selenium\selenium-chrome-driver\4.5.0\selenium-chrome-driver-4.5.0.jar;C:\Users\sdsta\.m2\repository\com\google\auto\service\auto-service-annotations\1.0.1\auto-service-annotations-1.0.1.jar;C:\Users\sdsta\.m2\repository\com\google\auto\service\auto-service\1.0.1\auto-service-1.0.1.jar;C:\Users\sdsta\.m2\repository\com\google\auto\auto-common\1.2\auto-common-1.2.jar;C:\Users\sdsta\.m2\repository\com\google\guava\guava\31.1-jre\guava-31.1-jre.jar;C:\Users\sdsta\.m2\repository\com\google\guava\failureaccess\1.0.1\failureaccess-1.0.1.jar;C:\Users\sdsta\.m2\repository\com\google\guava\listenablefuture\9999.0-empty-to-avoid-conflict-with-guava\listenablefuture-9999.0-empty-to-avoid-conflict-with-guava.jar;C:\Users\sdsta\.m2\repository\org\checkerframework\checker-qual\3.12.0\checker-qual-3.12.0.jar;C:\Users\sdsta\.m2\repository\com\google\errorprone\error_prone_annotations\2.11.0\error_prone_annotations-2.11.0.jar;C:\Users\sdsta\.m2\repository\com\google\j2objc\j2objc-annotations\1.3\j2objc-annotations-1.3.jar;C:\Users\sdsta\.m2\repository\org\seleniumhq\selenium\selenium-chromium-driver\4.5.0\selenium-chromium-driver-4.5.0.jar;C:\Users\sdsta\.m2\repository\org\seleniumhq\selenium\selenium-json\4.5.0\selenium-json-4.5.0.jar;C:\Users\sdsta\.m2\repository\org\seleniumhq\selenium\selenium-devtools-v104\4.5.0\selenium-devtools-v104-4.5.0.jar;C:\Users\sdsta\.m2\repository\org\seleniumhq\selenium\selenium-devtools-v105\4.5.0\selenium-devtools-v105-4.5.0.jar;C:\Users\sdsta\.m2\repository\org\seleniumhq\selenium\selenium-devtools-v106\4.5.0\selenium-devtools-v106-4.5.0.jar;C:\Users\sdsta\.m2\repository\org\seleniumhq\selenium\selenium-devtools-v85\4.5.0\selenium-devtools-v85-4.5.0.jar;C:\Users\sdsta\.m2\repository\org\seleniumhq\selenium\selenium-edge-driver\4.5.0\selenium-edge-driver-4.5.0.jar;C:\Users\sdsta\.m2\repository\org\seleniumhq\selenium\selenium-firefox-driver\4.5.0\selenium-firefox-driver-4.5.0.jar;C:\Users\sdsta\.m2\repository\org\seleniumhq\selenium\selenium-ie-driver\4.5.0\selenium-ie-driver-4.5.0.jar;C:\Users\sdsta\.m2\repository\org\seleniumhq\selenium\selenium-remote-driver\4.5.0\selenium-remote-driver-4.5.0.jar;C:\Users\sdsta\.m2\repository\io\netty\netty-buffer\4.1.79.Final\netty-buffer-4.1.79.Final.jar;C:\Users\sdsta\.m2\repository\io\netty\netty-codec-http\4.1.79.Final\netty-codec-http-4.1.79.Final.jar;C:\Users\sdsta\.m2\repository\io\netty\netty-codec\4.1.79.Final\netty-codec-4.1.79.Final.jar;C:\Users\sdsta\.m2\repository\io\netty\netty-handler\4.1.79.Final\netty-handler-4.1.79.Final.jar;C:\Users\sdsta\.m2\repository\io\netty\netty-common\4.1.79.Final\netty-common-4.1.79.Final.jar;C:\Users\sdsta\.m2\repository\io\netty\netty-transport-classes-epoll\4.1.79.Final\netty-transport-classes-epoll-4.1.79.Final.jar;C:\Users\sdsta\.m2\repository\io\netty\netty-transport-classes-kqueue\4.1.79.Final\netty-transport-classes-kqueue-4.1.79.Final.jar;C:\Users\sdsta\.m2\repository\io\netty\netty-transport-native-epoll\4.1.79.Final\netty-transport-native-epoll-4.1.79.Final.jar;C:\Users\sdsta\.m2\repository\io\netty\netty-transport-native-kqueue\4.1.79.Final\netty-transport-native-kqueue-4.1.79.Final.jar;C:\Users\sdsta\.m2\repository\io\netty\netty-transport-native-unix-common\4.1.79.Final\netty-transport-native-unix-common-4.1.79.Final.jar;C:\Users\sdsta\.m2\repository\io\netty\netty-transport\4.1.79.Final\netty-transport-4.1.79.Final.jar;C:\Users\sdsta\.m2\repository\io\netty\netty-resolver\4.1.79.Final\netty-resolver-4.1.79.Final.jar;C:\Users\sdsta\.m2\repository\io\opentelemetry\opentelemetry-api\1.17.0\opentelemetry-api-1.17.0.jar;C:\Users\sdsta\.m2\repository\io\opentelemetry\opentelemetry-context\1.17.0\opentelemetry-context-1.17.0.jar;C:\Users\sdsta\.m2\repository\io\opentelemetry\opentelemetry-exporter-logging\1.17.0\opentelemetry-exporter-logging-1.17.0.jar;C:\Users\sdsta\.m2\repository\io\opentelemetry\opentelemetry-sdk-metrics\1.17.0\opentelemetry-sdk-metrics-1.17.0.jar;C:\Users\sdsta\.m2\repository\io\opentelemetry\opentelemetry-sdk-logs\1.17.0-alpha\opentelemetry-sdk-logs-1.17.0-alpha.jar;C:\Users\sdsta\.m2\repository\io\opentelemetry\opentelemetry-sdk-common\1.17.0\opentelemetry-sdk-common-1.17.0.jar;C:\Users\sdsta\.m2\repository\io\opentelemetry\opentelemetry-sdk-extension-autoconfigure-spi\1.17.0\opentelemetry-sdk-extension-autoconfigure-spi-1.17.0.jar;C:\Users\sdsta\.m2\repository\io\opentelemetry\opentelemetry-sdk-extension-autoconfigure\1.17.0-alpha\opentelemetry-sdk-extension-autoconfigure-1.17.0-alpha.jar;C:\Users\sdsta\.m2\repository\io\opentelemetry\opentelemetry-exporter-common\1.17.0\opentelemetry-exporter-common-1.17.0.jar;C:\Users\sdsta\.m2\repository\io\opentelemetry\opentelemetry-sdk-trace\1.17.0\opentelemetry-sdk-trace-1.17.0.jar;C:\Users\sdsta\.m2\repository\io\opentelemetry\opentelemetry-sdk\1.17.0\opentelemetry-sdk-1.17.0.jar;C:\Users\sdsta\.m2\repository\io\opentelemetry\opentelemetry-semconv\1.17.0-alpha\opentelemetry-semconv-1.17.0-alpha.jar;C:\Users\sdsta\.m2\repository\io\ous\jtoml\2.0.0\jtoml-2.0.0.jar;C:\Users\sdsta\.m2\repository\net\bytebuddy\byte-buddy\1.12.14\byte-buddy-1.12.14.jar;C:\Users\sdsta\.m2\repository\org\apache\commons\commons-exec\1.3\commons-exec-1.3.jar;C:\Users\sdsta\.m2\repository\org\asynchttpclient\async-http-client\2.12.3\async-http-client-2.12.3.jar;C:\Users\sdsta\.m2\repository\org\asynchttpclient\async-http-client-netty-utils\2.12.3\async-http-client-netty-utils-2.12.3.jar;C:\Users\sdsta\.m2\repository\io\netty\netty-codec-socks\4.1.60.Final\netty-codec-socks-4.1.60.Final.jar;C:\Users\sdsta\.m2\repository\io\netty\netty-handler-proxy\4.1.60.Final\netty-handler-proxy-4.1.60.Final.jar;C:\Users\sdsta\.m2\repository\io\netty\netty-transport-native-epoll\4.1.60.Final\netty-transport-native-epoll-4.1.60.Final-linux-x86_64.jar;C:\Users\sdsta\.m2\repository\io\netty\netty-transport-native-kqueue\4.1.60.Final\netty-transport-native-kqueue-4.1.60.Final-osx-x86_64.jar;C:\Users\sdsta\.m2\repository\org\reactivestreams\reactive-streams\1.0.3\reactive-streams-1.0.3.jar;C:\Users\sdsta\.m2\repository\com\typesafe\netty\netty-reactive-streams\2.0.4\netty-reactive-streams-2.0.4.jar;C:\Users\sdsta\.m2\repository\com\sun\activation\jakarta.activation\1.2.2\jakarta.activation-1.2.2.jar;C:\Users\sdsta\.m2\repository\org\seleniumhq\selenium\selenium-http\4.5.0\selenium-http-4.5.0.jar;C:\Users\sdsta\.m2\repository\dev\failsafe\failsafe\3.2.4\failsafe-3.2.4.jar;C:\Users\sdsta\.m2\repository\org\seleniumhq\selenium\selenium-safari-driver\4.5.0\selenium-safari-driver-4.5.0.jar;C:\Users\sdsta\.m2\repository\org\seleniumhq\selenium\selenium-support\4.5.0\selenium-support-4.5.0.jar;C:\Users\sdsta\.m2\repository\io\github\bonigarcia\webdrivermanager\5.3.0\webdrivermanager-5.3.0.jar;C:\Users\sdsta\.m2\repository\org\slf4j\slf4j-api\1.7.36\slf4j-api-1.7.36.jar;C:\Users\sdsta\.m2\repository\com\google\code\gson\gson\2.9.1\gson-2.9.1.jar;C:\Users\sdsta\.m2\repository\com\github\docker-java\docker-java\3.2.13\docker-java-3.2.13.jar;C:\Users\sdsta\.m2\repository\com\github\docker-java\docker-java-core\3.2.13\docker-java-core-3.2.13.jar;C:\Users\sdsta\.m2\repository\com\github\docker-java\docker-java-api\3.2.13\docker-java-api-3.2.13.jar;C:\Users\sdsta\.m2\repository\com\fasterxml\jackson\core\jackson-annotations\2.10.3\jackson-annotations-2.10.3.jar;C:\Users\sdsta\.m2\repository\commons-io\commons-io\2.6\commons-io-2.6.jar;C:\Users\sdsta\.m2\repository\org\apache\commons\commons-compress\1.21\commons-compress-1.21.jar;C:\Users\sdsta\.m2\repository\com\fasterxml\jackson\core\jackson-databind\2.10.3\jackson-databind-2.10.3.jar;C:\Users\sdsta\.m2\repository\com\fasterxml\jackson\core\jackson-core\2.10.3\jackson-core-2.10.3.jar;C:\Users\sdsta\.m2\repository\org\bouncycastle\bcpkix-jdk15on\1.64\bcpkix-jdk15on-1.64.jar;C:\Users\sdsta\.m2\repository\org\bouncycastle\bcprov-jdk15on\1.64\bcprov-jdk15on-1.64.jar;C:\Users\sdsta\.m2\repository\org\slf4j\jcl-over-slf4j\1.7.30\jcl-over-slf4j-1.7.30.jar;C:\Users\sdsta\.m2\repository\com\github\docker-java\docker-java-transport-httpclient5\3.2.13\docker-java-transport-httpclient5-3.2.13.jar;C:\Users\sdsta\.m2\repository\com\github\docker-java\docker-java-transport\3.2.13\docker-java-transport-3.2.13.jar;C:\Users\sdsta\.m2\repository\net\java\dev\jna\jna\5.8.0\jna-5.8.0.jar;C:\Users\sdsta\.m2\repository\org\brotli\dec\0.1.2\dec-0.1.2.jar;C:\Users\sdsta\.m2\repository\org\apache\commons\commons-lang3\3.12.0\commons-lang3-3.12.0.jar;C:\Users\sdsta\.m2\repository\org\apache\httpcomponents\client5\httpclient5\5.1.3\httpclient5-5.1.3.jar;C:\Users\sdsta\.m2\repository\org\apache\httpcomponents\core5\httpcore5\5.1.3\httpcore5-5.1.3.jar;C:\Users\sdsta\.m2\repository\org\apache\httpcomponents\core5\httpcore5-h2\5.1.3\httpcore5-h2-5.1.3.jar;C:\Users\sdsta\.m2\repository\commons-codec\commons-codec\1.15\commons-codec-1.15.jar;C:\Users\sdsta\.m2\repository\io\cucumber\cucumber-java\7.8.1\cucumber-java-7.8.1.jar;C:\Users\sdsta\.m2\repository\io\cucumber\cucumber-core\7.8.1\cucumber-core-7.8.1.jar;C:\Users\sdsta\.m2\repository\io\cucumber\cucumber-gherkin\7.8.1\cucumber-gherkin-7.8.1.jar;C:\Users\sdsta\.m2\repository\io\cucumber\cucumber-gherkin-messages\7.8.1\cucumber-gherkin-messages-7.8.1.jar;C:\Users\sdsta\.m2\repository\io\cucumber\gherkin\24.0.0\gherkin-24.0.0.jar;C:\Users\sdsta\.m2\repository\io\cucumber\messages\19.1.4\messages-19.1.4.jar;C:\Users\sdsta\.m2\repository\io\cucumber\tag-expressions\4.1.0\tag-expressions-4.1.0.jar;C:\Users\sdsta\.m2\repository\io\cucumber\cucumber-expressions\16.0.0\cucumber-expressions-16.0.0.jar;C:\Users\sdsta\.m2\repository\io\cucumber\datatable\7.8.1\datatable-7.8.1.jar;C:\Users\sdsta\.m2\repository\io\cucumber\cucumber-plugin\7.8.1\cucumber-plugin-7.8.1.jar;C:\Users\sdsta\.m2\repository\io\cucumber\docstring\7.8.1\docstring-7.8.1.jar;C:\Users\sdsta\.m2\repository\io\cucumber\html-formatter\20.1.0\html-formatter-20.1.0.jar;C:\Users\sdsta\.m2\repository\io\cucumber\ci-environment\9.1.0\ci-environment-9.1.0.jar;C:\Users\sdsta\.m2\repository\org\apiguardian\apiguardian-api\1.1.2\apiguardian-api-1.1.2.jar;C:\Users\sdsta\.m2\repository\org\testng\testng\7.6.1\testng-7.6.1.jar;C:\Users\sdsta\.m2\repository\com\google\code\findbugs\jsr305\3.0.2\jsr305-3.0.2.jar;C:\Users\sdsta\.m2\repository\com\beust\jcommander\1.82\jcommander-1.82.jar;C:\Users\sdsta\.m2\repository\org\webjars\jquery\3.6.0\jquery-3.6.0.jar;C:\Users\sdsta\.m2\repository\io\cucumber\cucumber-testng\7.8.1\cucumber-testng-7.8.1.jar;"/>
    <property name="sun.cpu.endian" value="little"/>
    <property name="user.home" value="C:\Users\sdsta"/>
    <property name="user.language" value="en"/>
    <property name="java.specification.vendor" value="Oracle Corporation"/>
    <property name="java.version.date" value="2022-09-20"/>
    <property name="java.home" value="C:\Program Files\Java\jdk-19"/>
    <property name="file.separator" value="\"/>
    <property name="basedir" value="C:\Users\sdsta\Project1"/>
    <property name="java.vm.compressedOopsMode" value="Zero based"/>
    <property name="line.separator" value="&#10;"/>
    <property name="java.vm.specification.vendor" value="Oracle Corporation"/>
    <property name="java.specification.name" value="Java Platform API Specification"/>
    <property name="surefire.real.class.path" value="C:\Users\sdsta\AppData\Local\Temp\surefire2725721005298437606\surefirebooter-20221101133658500_3.jar"/>
    <property name="user.script" value=""/>
    <property name="sun.management.compiler" value="HotSpot 64-Bit Tiered Compilers"/>
    <property name="java.runtime.version" value="19+36-2238"/>
    <property name="user.name" value="sdsta"/>
    <property name="stdout.encoding" value="Cp1252"/>
    <property name="path.separator" value=";"/>
    <property name="os.version" value="10.0"/>
    <property name="java.runtime.name" value="Java(TM) SE Runtime Environment"/>
    <property name="file.encoding" value="UTF-8"/>
    <property name="java.vm.name" value="Java HotSpot(TM) 64-Bit Server VM"/>
    <property name="localRepository" value="C:\Users\sdsta\.m2\repository"/>
    <property name="java.vendor.url.bug" value="https://bugreport.java.com/bugreport/"/>
    <property name="java.io.tmpdir" value="C:\Users\sdsta\AppData\Local\Temp\"/>
    <property name="java.version" value="19"/>
    <property name="user.dir" value="C:\Users\sdsta\Project1"/>
    <property name="os.arch" value="amd64"/>
    <property name="java.vm.specification.name" value="Java Virtual Machine Specification"/>
    <property name="sun.os.patch.level" value=""/>
    <property name="native.encoding" value="Cp1252"/>
    <property name="java.library.path" value="C:\Program Files\Java\jdk-19\bin;C:\WINDOWS\Sun\Java\bin;C:\WINDOWS\system32;C:\WINDOWS;C:\Program Files\Common Files\Oracle\Java\javapath;C:\Program Files\Eclipse Adoptium\jdk-17.0.4.101-hotspot\bin;C:\Windows\system32;C:\Windows;C:\Windows\System32\Wbem;C:\Windows\System32\WindowsPowerShell\v1.0\;C:\Windows\System32\OpenSSH\;C:\Program Files (x86)\NVIDIA Corporation\PhysX\Common;C:\Program Files\NVIDIA Corporation\NVIDIA NvDLISR;C:\WINDOWS\system32;C:\WINDOWS;C:\WINDOWS\System32\Wbem;C:\WINDOWS\System32\WindowsPowerShell\v1.0\;C:\WINDOWS\System32\OpenSSH\;C:\Program Files\dotnet\;C:\apache-maven-3.8.6\bin;C:\Program Files\Git\cmd;C:\Users\sdsta\AppData\Local\Microsoft\WindowsApps;C:\Users\sdsta\AppData\Local\Programs\Microsoft VS Code\bin;;."/>
    <property name="java.vm.info" value="mixed mode, sharing"/>
    <property name="stderr.encoding" value="Cp1252"/>
    <property name="java.vendor" value="Oracle Corporation"/>
    <property name="java.vm.version" value="19+36-2238"/>
    <property name="sun.io.unicode.encoding" value="UnicodeLittle"/>
    <property name="java.class.version" value="63.0"/>
  </properties>
  <testcase name="runScenario[&quot;Add A Test Case&quot;, &quot;Test Cases&quot;](1)" classname="com.revature.bugcatcher.Runner" time="0.829">
    <system-err><![CDATA[SLF4J: Failed to load class "org.slf4j.impl.StaticLoggerBinder".
SLF4J: Defaulting to no-operation (NOP) logger implementation
SLF4J: See http://www.slf4j.org/codes.html#StaticLoggerBinder for further details.
Starting ChromeDriver 107.0.5304.62 (1eec40d3a5764881c92085aaee66d25075c159aa-refs/branch-heads/5304@{#942}) on port 57809
Only local connections are allowed.
Please see https://chromedriver.chromium.org/security-considerations for suggestions on keeping ChromeDriver safe.
ChromeDriver was started successfully.
Nov 01, 2022 1:37:00 PM org.openqa.selenium.remote.ProtocolHandshake createSession
INFO: Detected upstream dialect: W3C
Nov 01, 2022 1:37:01 PM org.openqa.selenium.devtools.CdpVersionFinder findNearestMatch
WARNING: Unable to find an exact match for CDP version 107, so returning the closest version found: 106
Nov 01, 2022 1:37:01 PM org.openqa.selenium.devtools.CdpVersionFinder findNearestMatch
INFO: Found CDP implementation for version 107 of 106
]]></system-err>
  </testcase>
  <testcase name="runScenario[&quot;Edit Existing Case&quot;, &quot;Test Cases&quot;](2)" classname="com.revature.bugcatcher.Runner" time="0.748">
    <failure message="The step &apos;The tester clicks on the edit button&apos; is undefined.&#10;You can implement this step using the snippet(s) below:&#10;&#10;@When(&quot;The tester clicks on the edit button&quot;)&#10;public void the_tester_clicks_on_the_edit_button() {&#10;    // Write code here that turns the phrase above into concrete actions&#10;    throw new io.cucumber.java.PendingException();&#10;}&#10;" type="io.cucumber.testng.UndefinedStepException"><![CDATA[io.cucumber.testng.UndefinedStepException: 
The step 'The tester clicks on the edit button' is undefined.
You can implement this step using the snippet(s) below:

@When("The tester clicks on the edit button")
public void the_tester_clicks_on_the_edit_button() {
    // Write code here that turns the phrase above into concrete actions
    throw new io.cucumber.java.PendingException();
}

	at io.cucumber.core.runtime.TestCaseResultObserver.assertTestCasePassed(TestCaseResultObserver.java:69)
	at io.cucumber.testng.TestCaseResultObserver.assertTestCasePassed(TestCaseResultObserver.java:23)
	at io.cucumber.testng.TestNGCucumberRunner.lambda$runScenario$1(TestNGCucumberRunner.java:133)
	at io.cucumber.core.runtime.CucumberExecutionContext.lambda$runTestCase$5(CucumberExecutionContext.java:129)
	at io.cucumber.core.runtime.RethrowingThrowableCollector.executeAndThrow(RethrowingThrowableCollector.java:23)
	at io.cucumber.core.runtime.CucumberExecutionContext.runTestCase(CucumberExecutionContext.java:129)
	at io.cucumber.testng.TestNGCucumberRunner.runScenario(TestNGCucumberRunner.java:129)
	at io.cucumber.testng.AbstractTestNGCucumberTests.runScenario(AbstractTestNGCucumberTests.java:35)
	at java.base/jdk.internal.reflect.DirectMethodHandleAccessor.invoke(DirectMethodHandleAccessor.java:104)
	at java.base/java.lang.reflect.Method.invoke(Method.java:578)
	at org.testng.internal.invokers.MethodInvocationHelper.invokeMethod(MethodInvocationHelper.java:139)
	at org.testng.internal.invokers.TestInvoker.invokeMethod(TestInvoker.java:677)
	at org.testng.internal.invokers.TestInvoker.invokeTestMethod(TestInvoker.java:221)
	at org.testng.internal.invokers.MethodRunner.runInSequence(MethodRunner.java:50)
	at org.testng.internal.invokers.TestInvoker$MethodInvocationAgent.invoke(TestInvoker.java:962)
	at org.testng.internal.invokers.TestInvoker.invokeTestMethods(TestInvoker.java:194)
	at org.testng.internal.invokers.TestMethodWorker.invokeTestMethods(TestMethodWorker.java:148)
	at org.testng.internal.invokers.TestMethodWorker.run(TestMethodWorker.java:128)
	at java.base/java.util.ArrayList.forEach(ArrayList.java:1511)
	at org.testng.TestRunner.privateRun(TestRunner.java:806)
	at org.testng.TestRunner.run(TestRunner.java:601)
	at org.testng.SuiteRunner.runTest(SuiteRunner.java:433)
	at org.testng.SuiteRunner.runSequentially(SuiteRunner.java:427)
	at org.testng.SuiteRunner.privateRun(SuiteRunner.java:387)
	at org.testng.SuiteRunner.run(SuiteRunner.java:330)
	at org.testng.SuiteRunnerWorker.runSuite(SuiteRunnerWorker.java:52)
	at org.testng.SuiteRunnerWorker.run(SuiteRunnerWorker.java:95)
	at org.testng.TestNG.runSuitesSequentially(TestNG.java:1256)
	at org.testng.TestNG.runSuitesLocally(TestNG.java:1176)
	at org.testng.TestNG.runSuites(TestNG.java:1099)
	at org.testng.TestNG.run(TestNG.java:1067)
	at org.apache.maven.surefire.testng.TestNGExecutor.run(TestNGExecutor.java:324)
	at org.apache.maven.surefire.testng.TestNGXmlTestSuite.execute(TestNGXmlTestSuite.java:74)
	at org.apache.maven.surefire.testng.TestNGProvider.invoke(TestNGProvider.java:123)
	at org.apache.maven.surefire.booter.ForkedBooter.runSuitesInProcess(ForkedBooter.java:456)
	at org.apache.maven.surefire.booter.ForkedBooter.execute(ForkedBooter.java:169)
	at org.apache.maven.surefire.booter.ForkedBooter.run(ForkedBooter.java:595)
	at org.apache.maven.surefire.booter.ForkedBooter.main(ForkedBooter.java:581)
]]></failure>
    <system-err><![CDATA[Starting ChromeDriver 107.0.5304.62 (1eec40d3a5764881c92085aaee66d25075c159aa-refs/branch-heads/5304@{#942}) on port 62380
Only local connections are allowed.
Please see https://chromedriver.chromium.org/security-considerations for suggestions on keeping ChromeDriver safe.
ChromeDriver was started successfully.
Nov 01, 2022 1:37:02 PM org.openqa.selenium.remote.ProtocolHandshake createSession
INFO: Detected upstream dialect: W3C
Nov 01, 2022 1:37:02 PM org.openqa.selenium.devtools.CdpVersionFinder findNearestMatch
WARNING: Unable to find an exact match for CDP version 107, so returning the closest version found: 106
Nov 01, 2022 1:37:02 PM org.openqa.selenium.devtools.CdpVersionFinder findNearestMatch
INFO: Found CDP implementation for version 107 of 106
]]></system-err>
  </testcase>
  <testcase name="runScenario[&quot;Reset Test Case&quot;, &quot;Test Cases&quot;](3)" classname="com.revature.bugcatcher.Runner" time="0.756">
    <system-err><![CDATA[Starting ChromeDriver 107.0.5304.62 (1eec40d3a5764881c92085aaee66d25075c159aa-refs/branch-heads/5304@{#942}) on port 53100
Only local connections are allowed.
Please see https://chromedriver.chromium.org/security-considerations for suggestions on keeping ChromeDriver safe.
ChromeDriver was started successfully.
Nov 01, 2022 1:37:04 PM org.openqa.selenium.remote.ProtocolHandshake createSession
INFO: Detected upstream dialect: W3C
Nov 01, 2022 1:37:04 PM org.openqa.selenium.devtools.CdpVersionFinder findNearestMatch
WARNING: Unable to find an exact match for CDP version 107, so returning the closest version found: 106
Nov 01, 2022 1:37:04 PM org.openqa.selenium.devtools.CdpVersionFinder findNearestMatch
INFO: Found CDP implementation for version 107 of 106
]]></system-err>
  </testcase>
</testsuite>