<?xml version="1.0" encoding="UTF-8"?>
<!-- Generated by org.testng.reporters.JUnitReportReporter -->
<testsuite hostname="Rogalicious" failures="0" tests="5" name="com.revature.bugcatcher.LoginRunner" time="7.774" errors="0" timestamp="2022-10-26T10:20:34 PDT" skipped="0">
  <testcase classname="com.revature.bugcatcher.LoginRunner" name="runScenario" time="1.372"/>
  <system-out/>
  <testcase classname="com.revature.bugcatcher.LoginRunner" name="runScenario" time="1.444"/>
  <system-out/>
  <testcase classname="com.revature.bugcatcher.LoginRunner" name="runScenario" time="1.337"/>
  <system-out/>
  <testcase classname="com.revature.bugcatcher.LoginRunner" name="runScenario" time="1.362"/>
  <system-out/>
  <testcase classname="com.revature.bugcatcher.LoginRunner" name="runScenario" time="2.259"/>
  <system-out/>
</testsuite> <!-- com.revature.bugcatcher.LoginRunner -->
